<?xml version="1.0" encoding="UTF-8"?>
<!-- Generated by org.testng.reporters.JUnitReportReporter -->
<testsuite hostname="DESKTOP-87CE79D" failures="0" tests="3" name="com.actitime.testscript.Project" time="0.027" errors="0" timestamp="2023-07-12T22:18:33 IST" skipped="0">
  <testcase classname="com.actitime.testscript.Project" name="CreateProject" time="0.018">
    <system-out>
      <![CDATA[CreateProject]]>
    </system-out>
  </testcase> <!-- CreateProject -->
  <testcase classname="com.actitime.testscript.Project" name="ModifyProject" time="0.004">
    <system-out>
      <![CDATA[ModifyProject]]>
    </system-out>
  </testcase> <!-- ModifyProject -->
  <testcase classname="com.actitime.testscript.Project" name="DeleteProject" time="0.005">
    <system-out>
      <![CDATA[DeleteProject]]>
    </system-out>
  </testcase> <!-- DeleteProject -->
  <system-out>
    <![CDATA[CreateProject
ModifyProject
DeleteProject
CreateCustomer
ModifyCustomer
DeleteCustomer
CreateTask
ModifyTask
DeleteTask]]>
  </system-out>
</testsuite> <!-- com.actitime.testscript.Project -->
