<?xml version="1.0" encoding="UTF-8"?>
<!-- Generated by org.testng.reporters.JUnitReportReporter -->
<testsuite hostname="DESKTOP-87CE79D" failures="0" tests="1" name="com.actitime.POM.ListLoginMethod" time="18.531" errors="0" timestamp="2023-07-20T18:04:37 IST" skipped="0">
  <testcase classname="com.actitime.POM.ListLoginMethod" name="Login" time="18.531"/>
</testsuite> <!-- com.actitime.POM.ListLoginMethod -->
