<?xml version="1.0" encoding="UTF-8"?>
<!-- Generated by org.testng.reporters.JUnitReportReporter -->
<testsuite hostname="DESKTOP-87CE79D" failures="0" tests="3" name="com.actitime.testscript.TaskModule" time="0.014" errors="0" timestamp="2023-07-15T16:37:24 IST" skipped="0">
  <testcase classname="com.actitime.testscript.TaskModule" name="CreateTask" time="0.005">
    <system-out>
      <![CDATA[CreateTask]]>
    </system-out>
  </testcase> <!-- CreateTask -->
  <testcase classname="com.actitime.testscript.TaskModule" name="ModifyTask" time="0.005">
    <system-out>
      <![CDATA[ModifyTask]]>
    </system-out>
  </testcase> <!-- ModifyTask -->
  <testcase classname="com.actitime.testscript.TaskModule" name="DeleteTask" time="0.004">
    <system-out>
      <![CDATA[DeleteTask]]>
    </system-out>
  </testcase> <!-- DeleteTask -->
  <system-out>
    <![CDATA[OpenBrowser
login
CreateProject
logout
login
DeleteProject
logout
login
ModifyProject
logout
CloseBrowser
OpenBrowser
login
CreateCustomer
logout
login
DeleteCustomer
logout
login
ModifyCustomer
logout
CloseBrowser
OpenBrowser
login
CreateTask
logout
login
ModifyTask
logout
login
DeleteTask
logout
CloseBrowser]]>
  </system-out>
</testsuite> <!-- com.actitime.testscript.TaskModule -->
