<?xml version="1.0" encoding="UTF-8"?>
<!-- Generated by org.testng.reporters.JUnitReportReporter -->
<testsuite hostname="DESKTOP-87CE79D" failures="0" tests="1" name="testscript.DemotestNG" time="0.022" errors="0" timestamp="2023-07-11T17:47:16 IST" skipped="0">
  <testcase classname="testscript.DemotestNG" name="demo" time="0.022">
    <system-out>
      <![CDATA[welcome]]>
    </system-out>
  </testcase> <!-- demo -->
  <system-out>
    <![CDATA[welcome]]>
  </system-out>
</testsuite> <!-- testscript.DemotestNG -->
