<?xml version="1.0" encoding="UTF-8"?>
<!-- Generated by org.testng.reporters.JUnitReportReporter -->
<testsuite hostname="DESKTOP-87CE79D" failures="0" tests="1" name="com.actitime.testscript.DemotestNG" time="0.004" errors="0" timestamp="2023-07-12T21:56:22 IST" skipped="0">
  <testcase classname="com.actitime.testscript.DemotestNG" name="demo" time="0.004">
    <system-out>
      <![CDATA[welcome]]>
    </system-out>
  </testcase> <!-- demo -->
  <system-out>
    <![CDATA[CreateCustomer
DeleteCustomer
ModifyCustomer
welcome]]>
  </system-out>
</testsuite> <!-- com.actitime.testscript.DemotestNG -->
