<?xml version="1.0" encoding="UTF-8"?>
<!-- Generated by org.testng.reporters.JUnitReportReporter -->
<testsuite hostname="DESKTOP-87CE79D" failures="0" tests="5" name="com.actitime.testscript.Customer" time="0.030" errors="0" timestamp="2023-07-12T22:19:41 IST" skipped="0">
  <testcase classname="com.actitime.testscript.Customer" name="CreateCustomer" time="0.003">
    <system-out>
      <![CDATA[CreateCustomer]]>
    </system-out>
  </testcase> <!-- CreateCustomer -->
  <testcase classname="com.actitime.testscript.Customer" name="CreateCustomer" time="0.017">
    <system-out>
      <![CDATA[CreateCustomer]]>
    </system-out>
  </testcase> <!-- CreateCustomer -->
  <testcase classname="com.actitime.testscript.Customer" name="CreateCustomer" time="0.004">
    <system-out>
      <![CDATA[CreateCustomer]]>
    </system-out>
  </testcase> <!-- CreateCustomer -->
  <testcase classname="com.actitime.testscript.Customer" name="ModifyCustomer" time="0.002">
    <system-out>
      <![CDATA[ModifyCustomer]]>
    </system-out>
  </testcase> <!-- ModifyCustomer -->
  <testcase classname="com.actitime.testscript.Customer" name="DeleteCustomer" time="0.004">
    <system-out>
      <![CDATA[DeleteCustomer]]>
    </system-out>
  </testcase> <!-- DeleteCustomer -->
  <system-out>
    <![CDATA[CreateCustomer
CreateCustomer
CreateCustomer
ModifyCustomer
DeleteCustomer]]>
  </system-out>
</testsuite> <!-- com.actitime.testscript.Customer -->
