<?xml version="1.0" encoding="UTF-8"?>
<!-- Generated by org.testng.reporters.JUnitReportReporter -->
<testsuite hostname="DESKTOP-87CE79D" failures="0" tests="3" name="com.actitime.testscript.Task" time="0.014" errors="0" timestamp="2023-07-12T22:18:33 IST" skipped="0">
  <testcase classname="com.actitime.testscript.Task" name="CreateTask" time="0.003">
    <system-out>
      <![CDATA[CreateTask]]>
    </system-out>
  </testcase> <!-- CreateTask -->
  <testcase classname="com.actitime.testscript.Task" name="ModifyTask" time="0.004">
    <system-out>
      <![CDATA[ModifyTask]]>
    </system-out>
  </testcase> <!-- ModifyTask -->
  <testcase classname="com.actitime.testscript.Task" name="DeleteTask" time="0.007">
    <system-out>
      <![CDATA[DeleteTask]]>
    </system-out>
  </testcase> <!-- DeleteTask -->
  <system-out>
    <![CDATA[CreateProject
ModifyProject
DeleteProject
CreateCustomer
ModifyCustomer
DeleteCustomer
CreateTask
ModifyTask
DeleteTask]]>
  </system-out>
</testsuite> <!-- com.actitime.testscript.Task -->
