<?xml version="1.0" encoding="UTF-8"?>
<!-- Generated by org.testng.reporters.JUnitReportReporter -->
<testsuite hostname="DESKTOP-87CE79D" failures="0" tests="2" name="com.actitime.testscript.CustomerModule" time="31.891" errors="0" timestamp="2023-07-21T12:28:25 IST" skipped="0">
  <testcase classname="com.actitime.testscript.CustomerModule" name="ModifyCustomer" time="13.177">
    <system-out>
      <![CDATA[Modifycustomer]]>
    </system-out>
  </testcase> <!-- ModifyCustomer -->
  <testcase classname="com.actitime.testscript.CustomerModule" name="CreateCustomer" time="18.714">
    <system-out>
      <![CDATA[CreateCustomer]]>
    </system-out>
  </testcase> <!-- CreateCustomer -->
  <system-out>
    <![CDATA[OpenBrowser
login
CreateCustomer
logout
login
Modifycustomer
logout
CloseBrowser]]>
  </system-out>
</testsuite> <!-- com.actitime.testscript.CustomerModule -->
